This is pdfTeX, Version 3.141592653-2.6-1.40.25 (MiKTeX 24.1 Portable) (preloaded format=latex 2025.7.23)  23 JUL 2025 23:21
entering extended mode
 restricted \write18 enabled.
 %&-line parsing enabled.
**./lni-paper-example-de.tex
(lni-paper-example-de.tex
LaTeX2e <2023-11-01> patch level 1
L3 programming layer <2024-01-04>
(C:\Users\zuela\scoop\apps\latex\current\texmfs\install\tex/latex/nag\nag.sty
Package: nag 2011/11/25 0.7 warning about old commands (ulmi)
\c@nag@c=\count187
\c@nag@sins=\count188
Package nag Info: Loaded nag-l2tabu.cfg  on input line 552.

(C:\Users\zuela\scoop\apps\latex\current\texmfs\install\tex/latex/nag\nag-l2tab
u.cfg
File: nag-l2tabu.cfg 2010/05/17 v2.11 l2tabu rules for nag.sty (ulmi)
)
Package nag Info: Loaded nag-orthodox.cfg  on input line 552.

(C:\Users\zuela\scoop\apps\latex\current\texmfs\install\tex/latex/nag\nag-ortho
dox.cfg
File: nag-orthodox.cfg 2006/04/19 v1.8 strict rules for nag.sty (ulmi)
)) (bremerhaven_lni.cls
Document Class: bremerhaven_lni 2017/05/15 v1.3 Official class for submissions 
to an internal Conference in an educational environment

(C:\Users\zuela\scoop\apps\latex\current\texmfs\install\tex/generic/iftex\iftex
.sty
Package: iftex 2022/02/03 v1.0f TeX engine tests
)
(C:\Users\zuela\scoop\apps\latex\current\texmfs\install\tex/generic/oberdiek\hy
phsubst.sty
Package: hyphsubst 2016/05/16 v0.3 Substitute hyphenation patterns (HO)

(C:\Users\zuela\scoop\apps\latex\current\texmfs\install\tex/generic/infwarerr\i
nfwarerr.sty
Package: infwarerr 2019/12/03 v1.5 Providing info/warning/error messages (HO)
))

Class bremerhaven_lni Warning: Latest German hyphenation patterns could not be 
found!
(bremerhaven_lni)              If you write a German article you should check y
ourinstallation on input line 69.


(C:\Users\zuela\scoop\apps\latex\current\texmfs\install\tex/latex/base\article.
cls
Document Class: article 2023/05/17 v1.4n Standard LaTeX document class

(C:\Users\zuela\scoop\apps\latex\current\texmfs\install\tex/latex/base\fleqn.cl
o
File: fleqn.clo 2016/12/29 v1.2b Standard LaTeX option (flush left equations)
\mathindent=\skip48
Applying: [2015/01/01] Make \[ robust on input line 50.
LaTeX Info: Redefining \[ on input line 51.
Already applied: [0000/00/00] Make \[ robust on input line 62.
Applying: [2015/01/01] Make \] robust on input line 74.
LaTeX Info: Redefining \] on input line 75.
Already applied: [0000/00/00] Make \] robust on input line 83.
)
(C:\Users\zuela\scoop\apps\latex\current\texmfs\install\tex/latex/base\size10.c
lo
File: size10.clo 2023/05/17 v1.4n Standard LaTeX file (size option)
)
\c@part=\count189
\c@section=\count190
\c@subsection=\count191
\c@subsubsection=\count192
\c@paragraph=\count193
\c@subparagraph=\count194
\c@figure=\count195
\c@table=\count196
\abovecaptionskip=\skip49
\belowcaptionskip=\skip50
\bibindent=\dimen140
)
(C:\Users\zuela\scoop\apps\latex\current\texmfs\install\tex/latex/cmap\cmap.sty
Package: cmap 2021/02/06 v1.0j CMap support: searchable PDF

Package cmap Warning: pdftex in DVI mode - exiting.

)
(C:\Users\zuela\scoop\apps\latex\current\texmfs\install\tex/latex/base\inputenc
.sty
Package: inputenc 2021/02/14 v1.3d Input encoding file
\inpenc@prehook=\toks17
\inpenc@posthook=\toks18
)
(C:\Users\zuela\scoop\apps\latex\current\texmfs\install\tex/latex/base\fontenc.
sty
Package: fontenc 2021/04/29 v2.0v Standard LaTeX package
)
(C:\Users\zuela\scoop\apps\latex\current\texmfs\install\tex/generic/babel\babel
.sty
Package: babel 2024/01/07 v24.1 The Babel package
\babel@savecnt=\count197
\U@D=\dimen141
\l@unhyphenated=\language79

(C:\Users\zuela\scoop\apps\latex\current\texmfs\install\tex/generic/babel\txtba
bel.def)
\bbl@readstream=\read2
\bbl@dirlevel=\count198

*************************************
* Local config file bblopts.cfg used
*

(C:\Users\zuela\scoop\apps\latex\current\texmfs\install\tex/latex/arabi\bblopts
.cfg
File: bblopts.cfg 2005/09/08 v0.1 add Arabic and Farsi to "declared" options of
 babel
)
(C:\Users\zuela\scoop\apps\latex\current\texmfs\install\tex/latex/babel-english
\english.ldf
Language: english 2017/06/06 v3.3r English support from the babel system
Package babel Info: Hyphen rules for 'canadian' set to \l@english
(babel)             (\language0). Reported on input line 102.
Package babel Info: Hyphen rules for 'australian' set to \l@ukenglish
(babel)             (\language73). Reported on input line 105.
Package babel Info: Hyphen rules for 'newzealand' set to \l@ukenglish
(babel)             (\language73). Reported on input line 108.
)
(C:\Users\zuela\scoop\apps\latex\current\texmfs\install\tex/latex/babel-german\
ngerman.ldf
Language: ngerman 2024/12/10 v2.15 German support for babel (post-1996 orthogra
phy)

(C:\Users\zuela\scoop\apps\latex\current\texmfs\install\tex/latex/babel-german\
ngermanb.ldf
Language: ngermanb 2024/12/10 v2.15 German support for babel (post-1996 orthogr
aphy)
Package babel Info: Making " an active character on input line 122.
)))
(C:\Users\zuela\scoop\apps\latex\current\texmfs\install\tex/generic/babel/local
e/de\babel-ngerman.tex
Package babel Info: Importing font and identification data for ngerman
(babel)             from babel-de.ini. Reported on input line 11.
)
(C:\Users\zuela\scoop\apps\latex\current\texmfs\install\tex/generic/babel/local
e/en\babel-english.tex
Package babel Info: Importing font and identification data for english
(babel)             from babel-en.ini. Reported on input line 11.
)
(C:\Users\zuela\scoop\apps\latex\current\texmfs\install\tex/latex/newtx\newtxte
xt.sty
Package: newtxtext 2024/04/01 v1.744(Michael Sharpe) latex and unicode latex su
pport for TeXGyreTermesX

`newtxtext' v1.744, 2024/04/01 Text macros taking advantage of TeXGyre Termes a
nd its extensions (msharpe)
(C:\Users\zuela\scoop\apps\latex\current\texmfs\install\tex/latex/xpatch\xpatch
.sty
(C:\Users\zuela\scoop\apps\latex\current\texmfs\install\tex/latex/l3kernel\expl
3.sty
Package: expl3 2024-01-04 L3 programming layer (loader) 

(C:\Users\zuela\scoop\apps\latex\current\texmfs\install\tex/latex/l3backend\l3b
ackend-dvips.def
File: l3backend-dvips.def 2024-01-04 L3 backend support: dvips
\l__pdf_internal_box=\box51
\g__pdf_backend_object_int=\count199
\l__pdf_backend_content_box=\box52
\l__pdf_backend_model_box=\box53
\g__pdf_backend_annotation_int=\count266
\g__pdf_backend_link_int=\count267
\g__pdf_backend_link_sf_int=\count268
))
Package: xpatch 2020/03/25 v0.3a Extending etoolbox patching commands

(C:\Users\zuela\scoop\apps\latex\current\texmfs\install\tex/latex/l3packages/xp
arse\xparse.sty
Package: xparse 2023-10-10 L3 Experimental document command parser
)
(C:\Users\zuela\scoop\apps\latex\current\texmfs\install\tex/latex/etoolbox\etoo
lbox.sty
Package: etoolbox 2020/10/05 v2.5k e-TeX tools for LaTeX (JAW)
\etb@tempcnta=\count269
))
(C:\Users\zuela\scoop\apps\latex\current\texmfs\install\tex/latex/xcolor\xcolor
.sty
Package: xcolor 2023/11/15 v3.01 LaTeX color extensions (UK)

(C:\Users\zuela\scoop\apps\latex\current\texmfs\install\tex/latex/graphics-cfg\
color.cfg
File: color.cfg 2016/01/02 v1.6 sample color configuration
)
Package xcolor Info: Driver file: dvips.def on input line 274.

(C:\Users\zuela\scoop\apps\latex\current\texmfs\install\tex/latex/graphics-def\
dvips.def
File: dvips.def 2022/09/22 v3.1e Graphics/color driver for dvips
)
(C:\Users\zuela\scoop\apps\latex\current\texmfs\install\tex/latex/graphics\math
color.ltx)
Package xcolor Info: Model `cmy' substituted by `cmy0' on input line 1350.
Package xcolor Info: Model `RGB' extended on input line 1366.
Package xcolor Info: Model `HTML' substituted by `rgb' on input line 1368.
Package xcolor Info: Model `Hsb' substituted by `hsb' on input line 1369.
Package xcolor Info: Model `tHsb' substituted by `hsb' on input line 1370.
Package xcolor Info: Model `HSB' substituted by `hsb' on input line 1371.
Package xcolor Info: Model `Gray' substituted by `gray' on input line 1372.
Package xcolor Info: Model `wave' substituted by `hsb' on input line 1373.
)
(C:\Users\zuela\scoop\apps\latex\current\texmfs\install\tex/latex/xkeyval\xkeyv
al.sty
Package: xkeyval 2022/06/16 v2.9 package option processing (HA)

(C:\Users\zuela\scoop\apps\latex\current\texmfs\install\tex/generic/xkeyval\xke
yval.tex
(C:\Users\zuela\scoop\apps\latex\current\texmfs\install\tex/generic/xkeyval\xkv
utils.tex
\XKV@toks=\toks19
\XKV@tempa@toks=\toks20

(C:\Users\zuela\scoop\apps\latex\current\texmfs\install\tex/generic/xkeyval\key
val.tex))
\XKV@depth=\count270
File: xkeyval.tex 2014/12/03 v2.7a key=value parser (HA)
))
(C:\Users\zuela\scoop\apps\latex\current\texmfs\install\tex/latex/base\textcomp
.sty
Package: textcomp 2020/02/02 v2.0n Standard LaTeX package
)
(C:\Users\zuela\scoop\apps\latex\current\texmfs\install\tex/latex/xstring\xstri
ng.sty
(C:\Users\zuela\scoop\apps\latex\current\texmfs\install\tex/generic/xstring\xst
ring.tex
\xs_counta=\count271
\xs_countb=\count272
)
Package: xstring 2023/08/22 v1.86 String manipulations (CT)
)
(C:\Users\zuela\scoop\apps\latex\current\texmfs\install\tex/latex/base\ifthen.s
ty
Package: ifthen 2022/04/13 v1.1d Standard LaTeX ifthen package (DPC)
)
(C:\Users\zuela\scoop\apps\latex\current\texmfs\install\tex/latex/carlisle\scal
efnt.sty)
LaTeX Font Info:    Setting ntxLF sub-encoding to TS1/0 on input line 24.
LaTeX Font Info:    Setting ntxTLF sub-encoding to TS1/0 on input line 24.
LaTeX Font Info:    Setting ntxOsF sub-encoding to TS1/0 on input line 24.
LaTeX Font Info:    Setting ntxTOsF sub-encoding to TS1/0 on input line 24.

(C:\Users\zuela\scoop\apps\latex\current\texmfs\install\tex/generic/binhex\binh
ex.tex)
\ntx@tmpcnta=\count273
\ntx@cnt=\count274

(C:\Users\zuela\scoop\apps\latex\current\texmfs\install\tex/latex/fontaxes\font
axes.sty
Package: fontaxes 2025-05-24 v2.0.1 Font selection axes (deprecated)

(C:\Users\zuela\scoop\apps\latex\current\texmfs\install\tex/latex/fontaxes\font
axes-v1.sty
Package: fontaxes 2020/07/21 v1.0e Font selection axes
LaTeX Info: Redefining \upshape on input line 29.
LaTeX Info: Redefining \itshape on input line 31.
LaTeX Info: Redefining \slshape on input line 33.
LaTeX Info: Redefining \swshape on input line 35.
LaTeX Info: Redefining \scshape on input line 37.
LaTeX Info: Redefining \sscshape on input line 39.
LaTeX Info: Redefining \ulcshape on input line 41.
LaTeX Info: Redefining \textsw on input line 47.
LaTeX Info: Redefining \textssc on input line 48.
LaTeX Info: Redefining \textulc on input line 49.
))
\tx@sixem=\dimen142
\tx@y=\dimen143
\tx@x=\dimen144
\tx@tmpdima=\dimen145
\tx@tmpdimb=\dimen146
\tx@tmpdimc=\dimen147
\tx@tmpdimd=\dimen148
\tx@tmpdime=\dimen149
\tx@tmpdimf=\dimen150
\tx@dimA=\dimen151
\tx@dimAA=\dimen152
\tx@dimB=\dimen153
\tx@dimBB=\dimen154
\tx@dimC=\dimen155
LaTeX Info: Redefining \oldstylenums on input line 902.
)
(C:\Users\zuela\scoop\apps\latex\current\texmfs\install\tex/latex/newtx\newtxma
th.sty
Package: newtxmath 2024/09/22 v1.754

`newtxmath' v1.754, 2024/09/22 Math macros based originally on txfonts (msharpe
)
(C:\Users\zuela\scoop\apps\latex\current\texmfs\install\tex/latex/amsmath\amsma
th.sty
Package: amsmath 2023/05/13 v2.17o AMS math features
\@mathmargin=\skip51

For additional information on amsmath, use the `?' option.

(C:\Users\zuela\scoop\apps\latex\current\texmfs\install\tex/latex/amsmath\amste
xt.sty
Package: amstext 2021/08/26 v2.01 AMS text

(C:\Users\zuela\scoop\apps\latex\current\texmfs\install\tex/latex/amsmath\amsge
n.sty
File: amsgen.sty 1999/11/30 v2.0 generic functions
\@emptytoks=\toks21
\ex@=\dimen156
))
(C:\Users\zuela\scoop\apps\latex\current\texmfs\install\tex/latex/amsmath\amsbs
y.sty
Package: amsbsy 1999/11/29 v1.2d Bold Symbols
\pmbraise@=\dimen157
)
(C:\Users\zuela\scoop\apps\latex\current\texmfs\install\tex/latex/amsmath\amsop
n.sty
Package: amsopn 2022/04/08 v2.04 operator names
)
\inf@bad=\count275
LaTeX Info: Redefining \frac on input line 234.
\uproot@=\count276
\leftroot@=\count277
LaTeX Info: Redefining \overline on input line 399.
LaTeX Info: Redefining \colon on input line 410.
\classnum@=\count278
\DOTSCASE@=\count279
LaTeX Info: Redefining \ldots on input line 496.
LaTeX Info: Redefining \dots on input line 499.
LaTeX Info: Redefining \cdots on input line 620.
\Mathstrutbox@=\box54
\strutbox@=\box55
LaTeX Info: Redefining \big on input line 722.
LaTeX Info: Redefining \Big on input line 723.
LaTeX Info: Redefining \bigg on input line 724.
LaTeX Info: Redefining \Bigg on input line 725.
\big@size=\dimen158
LaTeX Font Info:    Redeclaring font encoding OML on input line 743.
LaTeX Font Info:    Redeclaring font encoding OMS on input line 744.
\macc@depth=\count280
LaTeX Info: Redefining \bmod on input line 905.
LaTeX Info: Redefining \pmod on input line 910.
LaTeX Info: Redefining \smash on input line 940.
LaTeX Info: Redefining \relbar on input line 970.
LaTeX Info: Redefining \Relbar on input line 971.
\c@MaxMatrixCols=\count281
\dotsspace@=\muskip16
\c@parentequation=\count282
\dspbrk@lvl=\count283
\tag@help=\toks22
\row@=\count284
\column@=\count285
\maxfields@=\count286
\andhelp@=\toks23
\eqnshift@=\dimen159
\alignsep@=\dimen160
\tagshift@=\dimen161
\tagwidth@=\dimen162
\totwidth@=\dimen163
\lineht@=\dimen164
\@envbody=\toks24
\multlinegap=\skip52
\multlinetaggap=\skip53
\mathdisplay@stack=\toks25
LaTeX Info: Redefining \[ on input line 2953.
LaTeX Info: Redefining \] on input line 2954.
)
(C:\Users\zuela\scoop\apps\latex\current\texmfs\install\tex/latex/oberdiek\cent
ernot.sty
Package: centernot 2016/05/16 v1.4 Centers the not symbol horizontally (HO)
)
\tx@cntz=\count287

(C:\Users\zuela\scoop\apps\latex\current\texmfs\install\tex/generic/binhex\binh
ex.tex)
\tx@Isdigit=\count288
\tx@IsAlNum=\count289
\tx@tA=\toks26
\tx@tB=\toks27
\tx@su=\read3

amsthm NOT loaded
LaTeX Font Info:    Redeclaring symbol font `operators' on input line 402.
LaTeX Font Info:    Overwriting symbol font `operators' in version `normal'
(Font)                  OT1/cmr/m/n --> OT1/minntx/m/n on input line 402.
LaTeX Font Info:    Overwriting symbol font `operators' in version `bold'
(Font)                  OT1/cmr/bx/n --> OT1/minntx/m/n on input line 402.
LaTeX Font Info:    Overwriting symbol font `operators' in version `bold'
(Font)                  OT1/minntx/m/n --> OT1/minntx/b/n on input line 403.
LaTeX Font Info:    Redeclaring math alphabet \mathsf on input line 410.
LaTeX Font Info:    Overwriting math alphabet `\mathsf' in version `normal'
(Font)                  OT1/cmss/m/n --> OT1/qhv/m/n on input line 410.
LaTeX Font Info:    Overwriting math alphabet `\mathsf' in version `bold'
(Font)                  OT1/cmss/bx/n --> OT1/qhv/m/n on input line 410.
LaTeX Font Info:    Overwriting math alphabet `\mathsf' in version `bold'
(Font)                  OT1/qhv/m/n --> OT1/qhv/b/n on input line 412.
LaTeX Font Info:    Redeclaring math alphabet \mathit on input line 419.
LaTeX Font Info:    Overwriting math alphabet `\mathit' in version `normal'
(Font)                  OT1/cmr/m/it --> OT1/minntx/m/it on input line 419.
LaTeX Font Info:    Overwriting math alphabet `\mathit' in version `bold'
(Font)                  OT1/cmr/bx/it --> OT1/minntx/m/it on input line 419.
LaTeX Font Info:    Redeclaring math alphabet \mathtt on input line 420.
LaTeX Font Info:    Overwriting math alphabet `\mathtt' in version `normal'
(Font)                  OT1/cmtt/m/n --> T1/ntxtt/m/n on input line 420.
LaTeX Font Info:    Overwriting math alphabet `\mathtt' in version `bold'
(Font)                  OT1/cmtt/m/n --> T1/ntxtt/m/n on input line 420.
LaTeX Font Info:    Redeclaring math alphabet \mathbf on input line 422.
LaTeX Font Info:    Overwriting math alphabet `\mathbf' in version `normal'
(Font)                  OT1/cmr/bx/n --> OT1/minntx/b/n on input line 422.
LaTeX Font Info:    Overwriting math alphabet `\mathbf' in version `bold'
(Font)                  OT1/cmr/bx/n --> OT1/minntx/b/n on input line 422.
LaTeX Font Info:    Overwriting math alphabet `\mathit' in version `bold'
(Font)                  OT1/minntx/m/it --> OT1/minntx/b/it on input line 423.
LaTeX Font Info:    Overwriting math alphabet `\mathtt' in version `bold'
(Font)                  T1/ntxtt/m/n --> T1/ntxtt/b/n on input line 426.
LaTeX Font Info:    Redeclaring symbol font `letters' on input line 534.
LaTeX Font Info:    Overwriting symbol font `letters' in version `normal'
(Font)                  OML/cmm/m/it --> OML/ntxmi/m/it on input line 534.
LaTeX Font Info:    Overwriting symbol font `letters' in version `bold'
(Font)                  OML/cmm/b/it --> OML/ntxmi/m/it on input line 534.
LaTeX Font Info:    Overwriting symbol font `letters' in version `bold'
(Font)                  OML/ntxmi/m/it --> OML/ntxmi/b/it on input line 535.
\symlettersA=\mathgroup4
LaTeX Font Info:    Overwriting symbol font `lettersA' in version `bold'
(Font)                  U/ntxmia/m/it --> U/ntxmia/b/it on input line 582.
Now handling font encoding LMS ...
... no UTF-8 mapping file for font encoding LMS
LaTeX Font Info:    Redeclaring symbol font `symbols' on input line 604.
LaTeX Font Info:    Encoding `OMS' has changed to `LMS' for symbol font
(Font)              `symbols' in the math version `normal' on input line 604.
LaTeX Font Info:    Overwriting symbol font `symbols' in version `normal'
(Font)                  OMS/cmsy/m/n --> LMS/ntxsy/m/n on input line 604.
LaTeX Font Info:    Encoding `OMS' has changed to `LMS' for symbol font
(Font)              `symbols' in the math version `bold' on input line 604.
LaTeX Font Info:    Overwriting symbol font `symbols' in version `bold'
(Font)                  OMS/cmsy/b/n --> LMS/ntxsy/m/n on input line 604.
LaTeX Font Info:    Overwriting symbol font `symbols' in version `bold'
(Font)                  LMS/ntxsy/m/n --> LMS/ntxsy/b/n on input line 605.
\symAMSm=\mathgroup5
LaTeX Font Info:    Overwriting symbol font `AMSm' in version `bold'
(Font)                  U/ntxsym/m/n --> U/ntxsym/b/n on input line 630.
\symsymbolsC=\mathgroup6
LaTeX Font Info:    Overwriting symbol font `symbolsC' in version `bold'
(Font)                  U/ntxsyc/m/n --> U/ntxsyc/b/n on input line 651.
Now handling font encoding LMX ...
... no UTF-8 mapping file for font encoding LMX
LaTeX Font Info:    Redeclaring symbol font `largesymbols' on input line 664.
LaTeX Font Info:    Encoding `OMX' has changed to `LMX' for symbol font
(Font)              `largesymbols' in the math version `normal' on input line 6
64.
LaTeX Font Info:    Overwriting symbol font `largesymbols' in version `normal'
(Font)                  OMX/cmex/m/n --> LMX/ntxexx/m/n on input line 664.
LaTeX Font Info:    Encoding `OMX' has changed to `LMX' for symbol font
(Font)              `largesymbols' in the math version `bold' on input line 664
.
LaTeX Font Info:    Overwriting symbol font `largesymbols' in version `bold'
(Font)                  OMX/cmex/m/n --> LMX/ntxexx/m/n on input line 664.
LaTeX Font Info:    Overwriting symbol font `largesymbols' in version `bold'
(Font)                  LMX/ntxexx/m/n --> LMX/ntxexx/b/n on input line 665.
\symlargesymbolsTXA=\mathgroup7
LaTeX Font Info:    Overwriting symbol font `largesymbolsTXA' in version `bold'

(Font)                  U/ntxexa/m/n --> U/ntxexa/b/n on input line 679.
\tx@sbptoks=\toks28
LaTeX Font Info:    Redeclaring math delimiter \lfloor on input line 902.
LaTeX Font Info:    Redeclaring math delimiter \rfloor on input line 903.
LaTeX Font Info:    Redeclaring math delimiter \lceil on input line 904.
LaTeX Font Info:    Redeclaring math delimiter \rceil on input line 905.
LaTeX Font Info:    Redeclaring math delimiter \lbrace on input line 910.
LaTeX Font Info:    Redeclaring math delimiter \rbrace on input line 911.
LaTeX Font Info:    Redeclaring math delimiter \langle on input line 913.
LaTeX Font Info:    Redeclaring math delimiter \rangle on input line 915.
LaTeX Font Info:    Redeclaring math delimiter \arrowvert on input line 919.
LaTeX Font Info:    Redeclaring math delimiter \vert on input line 920.
LaTeX Font Info:    Redeclaring math symbol \hbar on input line 966.
LaTeX Font Info:    Redeclaring math accent \dot on input line 991.
LaTeX Font Info:    Redeclaring math accent \ddot on input line 992.
LaTeX Font Info:    Redeclaring math accent \vec on input line 2057.
LaTeX Info: Redefining \Bbbk on input line 2847.
LaTeX Info: Redefining \not on input line 2995.
)
(C:\Users\zuela\scoop\apps\latex\current\texmfs\install\tex/fonts/newtxtt\newtx
tt.sty
Package: newtxtt 2014/12/23 v1.051

`newtxtt' v1.051, 2014/12/23 Typewriter text macros based on txfonts (msharpe)
(C:\Users\zuela\scoop\apps\latex\current\texmfs\install\tex/latex/base\fontenc.
sty
Package: fontenc 2021/04/29 v2.0v Standard LaTeX package
LaTeX Font Info:    Trying to load font information for T1+minntx on input line
 112.

(C:\Users\zuela\scoop\apps\latex\current\texmfs\install\tex/latex/newtx\t1minnt
x.fd
File: t1minntx.fd 2023/09/09 v1.1 font definition file for T1/minntx
)
LaTeX Font Info:    Font shape `T1/minntx/m/n' will be
(Font)              scaled to size 10.0pt on input line 112.
)
LaTeX Font Info:    Setting newtxtt sub-encoding to TS1/0 on input line 9.
LaTeX Font Info:    Setting newtxttz sub-encoding to TS1/0 on input line 10.
)
(C:\Users\zuela\scoop\apps\latex\current\texmfs\install\tex/latex/microtype\mic
rotype.sty
Package: microtype 2025/07/09 v3.2b Micro-typographical refinements (RS)
\MT@toks=\toks29
\MT@tempbox=\box56
\MT@count=\count290
LaTeX Info: Redefining \noprotrusionifhmode on input line 1087.
LaTeX Info: Redefining \leftprotrusion on input line 1088.
\MT@prot@toks=\toks30
LaTeX Info: Redefining \rightprotrusion on input line 1107.
LaTeX Info: Redefining \textls on input line 1449.
\MT@outer@kern=\dimen165
LaTeX Info: Redefining \microtypecontext on input line 2053.
LaTeX Info: Redefining \textmicrotypecontext on input line 2070.
\MT@listname@count=\count291

(C:\Users\zuela\scoop\apps\latex\current\texmfs\install\tex/latex/microtype\mic
rotype-pdftex.def
File: microtype-pdftex.def 2025/07/09 v3.2b Definitions specific to pdftex (RS)

LaTeX Info: Redefining \lsstyle on input line 944.
LaTeX Info: Redefining \lslig on input line 944.
\MT@outer@space=\skip54
)
Package microtype Info: Loading configuration file microtype.cfg.

(C:\Users\zuela\scoop\apps\latex\current\texmfs\install\tex/latex/microtype\mic
rotype.cfg
File: microtype.cfg 2025/07/09 v3.2b microtype main configuration file (RS)
)
LaTeX Info: Redefining \microtypesetup on input line 3065.
)
\symMnSyC=\mathgroup8

(C:\Users\zuela\scoop\apps\latex\current\texmfs\install\tex/latex/ccicons\ccico
ns.sty
Package: ccicons 2017/10/30 v1.6 LaTeX support for Creative Commons icons
)
\doihoffset=\skip55
\doivoffset=\skip56

(C:\Users\zuela\scoop\apps\latex\current\texmfs\install\tex/latex/geometry\geom
etry.sty
Package: geometry 2020/01/02 v5.9 Page Geometry

(C:\Users\zuela\scoop\apps\latex\current\texmfs\install\tex/generic/iftex\ifvte
x.sty
Package: ifvtex 2019/10/25 v1.7 ifvtex legacy package. Use iftex instead.
)
\Gm@cnth=\count292
\Gm@cntv=\count293
\c@Gm@tempcnt=\count294
\Gm@bindingoffset=\dimen166
\Gm@wd@mp=\dimen167
\Gm@odd@mp=\dimen168
\Gm@even@mp=\dimen169
\Gm@layoutwidth=\dimen170
\Gm@layoutheight=\dimen171
\Gm@layouthoffset=\dimen172
\Gm@layoutvoffset=\dimen173
\Gm@dimlist=\toks31

(C:\Users\zuela\scoop\apps\latex\current\texmfs\install\tex/latex/geometry\geom
etry.cfg))
(C:\Users\zuela\scoop\apps\latex\current\texmfs\install\tex/latex/crop\crop.sty
Package: crop 2017/11/19 1.10 crop marks (mf)

(C:\Users\zuela\scoop\apps\latex\current\texmfs\install\tex/generic/iftex\iflua
tex.sty
Package: ifluatex 2019/10/25 v1.5 ifluatex legacy package. Use iftex instead.
)
\CROP@index=\count295

(C:\Users\zuela\scoop\apps\latex\current\texmfs\install\tex/latex/graphics\grap
hics.sty
Package: graphics 2022/03/10 v1.4e Standard LaTeX Graphics (DPC,SPQR)

(C:\Users\zuela\scoop\apps\latex\current\texmfs\install\tex/latex/graphics\trig
.sty
Package: trig 2021/08/11 v1.11 sin cos tan (DPC)
)
(C:\Users\zuela\scoop\apps\latex\current\texmfs\install\tex/latex/graphics-cfg\
graphics.cfg
File: graphics.cfg 2016/06/04 v1.11 sample graphics configuration
)
Package graphics Info: Driver file: dvips.def on input line 107.
)
\CROP@offset=\count296
Package crop Info: Local config file crop.cfg used on input line 622.

(C:\Users\zuela\scoop\apps\latex\current\texmfs\install\tex/xelatex/xetexconfig
\crop.cfg))
(C:\Users\zuela\scoop\apps\latex\current\texmfs\install\tex/latex/csquotes\csqu
otes.sty
Package: csquotes 2024-04-04 v5.2o context-sensitive quotations (JAW)
\csq@reset=\count297
\csq@gtype=\count298
\csq@glevel=\count299
\csq@qlevel=\count300
\csq@maxlvl=\count301
\csq@tshold=\count302
\csq@ltx@everypar=\toks32

(C:\Users\zuela\scoop\apps\latex\current\texmfs\install\tex/latex/csquotes\csqu
otes.def
File: csquotes.def 2024-04-04 v5.2o csquotes generic definitions (JAW)
)
Package csquotes Info: Trying to load configuration file 'csquotes.cfg'...
Package csquotes Info: ... configuration file loaded successfully.

(C:\Users\zuela\scoop\apps\latex\current\texmfs\install\tex/latex/csquotes\csqu
otes.cfg
File: csquotes.cfg 
)
Package csquotes Info: Enabling multilingual quotes.
)
(C:\Users\zuela\scoop\apps\latex\current\texmfs\install\tex/latex/biblatex\bibl
atex.sty
Package: biblatex 2023/03/05 v3.19 programmable bibliographies (PK/MW)

(C:\Users\zuela\scoop\apps\latex\current\texmfs\install\tex/generic/pdftexcmds\
pdftexcmds.sty
Package: pdftexcmds 2020-06-27 v0.33 Utility functions of pdfTeX for LuaTeX (HO
)

(C:\Users\zuela\scoop\apps\latex\current\texmfs\install\tex/generic/ltxcmds\ltx
cmds.sty
Package: ltxcmds 2023-12-04 v1.26 LaTeX kernel commands for general use (HO)
)
Package pdftexcmds Info: \pdf@primitive is available.
Package pdftexcmds Info: \pdf@ifprimitive is available.
Package pdftexcmds Info: \pdfdraftmode is ignored in DVI mode.
)
(C:\Users\zuela\scoop\apps\latex\current\texmfs\install\tex/latex/kvoptions\kvo
ptions.sty
Package: kvoptions 2022-06-15 v3.15 Key value format for package options (HO)

(C:\Users\zuela\scoop\apps\latex\current\texmfs\install\tex/latex/kvsetkeys\kvs
etkeys.sty
Package: kvsetkeys 2022-10-05 v1.19 Key value parser (HO)
))
(C:\Users\zuela\scoop\apps\latex\current\texmfs\install\tex/latex/logreq\logreq
.sty
Package: logreq 2010/08/04 v1.0 xml request logger
\lrq@indent=\count303

(C:\Users\zuela\scoop\apps\latex\current\texmfs\install\tex/latex/logreq\logreq
.def
File: logreq.def 2010/08/04 v1.0 logreq spec v1.0
))
(C:\Users\zuela\scoop\apps\latex\current\texmfs\install\tex/latex/url\url.sty
\Urlmuskip=\muskip17
Package: url 2013/09/16  ver 3.4  Verb mode for urls, etc.
)
\c@tabx@nest=\count304
\c@listtotal=\count305
\c@listcount=\count306
\c@liststart=\count307
\c@liststop=\count308
\c@citecount=\count309
\c@citetotal=\count310
\c@multicitecount=\count311
\c@multicitetotal=\count312
\c@instcount=\count313
\c@maxnames=\count314
\c@minnames=\count315
\c@maxitems=\count316
\c@minitems=\count317
\c@citecounter=\count318
\c@maxcitecounter=\count319
\c@savedcitecounter=\count320
\c@uniquelist=\count321
\c@uniquename=\count322
\c@refsection=\count323
\c@refsegment=\count324
\c@maxextratitle=\count325
\c@maxextratitleyear=\count326
\c@maxextraname=\count327
\c@maxextradate=\count328
\c@maxextraalpha=\count329
\c@abbrvpenalty=\count330
\c@highnamepenalty=\count331
\c@lownamepenalty=\count332
\c@maxparens=\count333
\c@parenlevel=\count334
\blx@tempcnta=\count335
\blx@tempcntb=\count336
\blx@tempcntc=\count337
\c@blx@maxsection=\count338
\blx@maxsegment@0=\count339
\blx@notetype=\count340
\blx@parenlevel@text=\count341
\blx@parenlevel@foot=\count342
\blx@sectionciteorder@0=\count343
\blx@sectionciteorderinternal@0=\count344
\blx@entrysetcounter=\count345
\blx@biblioinstance=\count346
\labelnumberwidth=\skip57
\labelalphawidth=\skip58
\biblabelsep=\skip59
\bibitemsep=\skip60
\bibnamesep=\skip61
\bibinitsep=\skip62
\bibparsep=\skip63
\bibhang=\skip64
\blx@bcfin=\read4
\blx@bcfout=\write3
\blx@langwohyphens=\language80
\c@mincomprange=\count347
\c@maxcomprange=\count348
\c@mincompwidth=\count349
Package biblatex Info: Trying to load biblatex default data model...
Package biblatex Info: ... file 'blx-dm.def' found.

(C:\Users\zuela\scoop\apps\latex\current\texmfs\install\tex/latex/biblatex\blx-
dm.def
File: blx-dm.def 2023/03/05 v3.19 biblatex localization (PK/MW)
)
Package biblatex Info: Trying to load biblatex style data model...
Package biblatex Info: ... file 'LNI.dbx' not found.
Package biblatex Info: Trying to load biblatex custom data model...
Package biblatex Info: ... file 'biblatex-dm.cfg' not found.
\c@afterword=\count350
\c@savedafterword=\count351
\c@annotator=\count352
\c@savedannotator=\count353
\c@author=\count354
\c@savedauthor=\count355
\c@bookauthor=\count356
\c@savedbookauthor=\count357
\c@commentator=\count358
\c@savedcommentator=\count359
\c@editor=\count360
\c@savededitor=\count361
\c@editora=\count362
\c@savededitora=\count363
\c@editorb=\count364
\c@savededitorb=\count365
\c@editorc=\count366
\c@savededitorc=\count367
\c@foreword=\count368
\c@savedforeword=\count369
\c@holder=\count370
\c@savedholder=\count371
\c@introduction=\count372
\c@savedintroduction=\count373
\c@namea=\count374
\c@savednamea=\count375
\c@nameb=\count376
\c@savednameb=\count377
\c@namec=\count378
\c@savednamec=\count379
\c@translator=\count380
\c@savedtranslator=\count381
\c@shortauthor=\count382
\c@savedshortauthor=\count383
\c@shorteditor=\count384
\c@savedshorteditor=\count385
\c@labelname=\count386
\c@savedlabelname=\count387
\c@institution=\count388
\c@savedinstitution=\count389
\c@lista=\count390
\c@savedlista=\count391
\c@listb=\count392
\c@savedlistb=\count393
\c@listc=\count394
\c@savedlistc=\count395
\c@listd=\count396
\c@savedlistd=\count397
\c@liste=\count398
\c@savedliste=\count399
\c@listf=\count400
\c@savedlistf=\count401
\c@location=\count402
\c@savedlocation=\count403
\c@organization=\count404
\c@savedorganization=\count405
\c@origlocation=\count406
\c@savedoriglocation=\count407
\c@origpublisher=\count408
\c@savedorigpublisher=\count409
\c@publisher=\count410
\c@savedpublisher=\count411
\c@language=\count412
\c@savedlanguage=\count413
\c@origlanguage=\count414
\c@savedoriglanguage=\count415
\c@pageref=\count416
\c@savedpageref=\count417
\shorthandwidth=\skip65
\shortjournalwidth=\skip66
\shortserieswidth=\skip67
\shorttitlewidth=\skip68
\shortauthorwidth=\skip69
\shorteditorwidth=\skip70
\locallabelnumberwidth=\skip71
\locallabelalphawidth=\skip72
\localshorthandwidth=\skip73
\localshortjournalwidth=\skip74
\localshortserieswidth=\skip75
\localshorttitlewidth=\skip76
\localshortauthorwidth=\skip77
\localshorteditorwidth=\skip78
Package biblatex Info: Trying to load compatibility code...
Package biblatex Info: ... file 'blx-compat.def' found.

(C:\Users\zuela\scoop\apps\latex\current\texmfs\install\tex/latex/biblatex\blx-
compat.def
File: blx-compat.def 2023/03/05 v3.19 biblatex compatibility (PK/MW)
)
Package biblatex Info: Trying to load generic definitions...
Package biblatex Info: ... file 'biblatex.def' found.

(C:\Users\zuela\scoop\apps\latex\current\texmfs\install\tex/latex/biblatex\bibl
atex.def
File: biblatex.def 2023/03/05 v3.19 biblatex compatibility (PK/MW)
\c@textcitecount=\count418
\c@textcitetotal=\count419
\c@textcitemaxnames=\count420
\c@biburlbigbreakpenalty=\count421
\c@biburlbreakpenalty=\count422
\c@biburlnumpenalty=\count423
\c@biburlucpenalty=\count424
\c@biburllcpenalty=\count425
\biburlbigskip=\muskip18
\biburlnumskip=\muskip19
\biburlucskip=\muskip20
\biburllcskip=\muskip21
\c@smartand=\count426
)
Package biblatex Info: Trying to load natbib compatibility...
Package biblatex Info: ... file 'blx-natbib.def' found.

(C:\Users\zuela\scoop\apps\latex\current\texmfs\install\tex/latex/biblatex\blx-
natbib.def
File: blx-natbib.def 2023/03/05 v3.19 biblatex compatibility (PK/MW)
Package biblatex Info: Delimiter 'nameyeardelim' in context '' already defined,
 overwriting.
)
Package biblatex Info: Trying to load bibliography style 'LNI'...
Package biblatex Info: ... file 'LNI.bbx' found.

(C:\Users\zuela\scoop\apps\latex\current\texmfs\install\tex/latex/biblatex-lni\
LNI.bbx
File: LNI.bbx 2025-01-27 v0.7 biblatex-LNI bibliography style (LCB/GD/OK)
Package biblatex Info: Trying to load bibliography style 'alphabetic'...
Package biblatex Info: ... file 'alphabetic.bbx' found.

(C:\Users\zuela\scoop\apps\latex\current\texmfs\install\tex/latex/biblatex/bbx\
alphabetic.bbx
File: alphabetic.bbx 2023/03/05 v3.19 biblatex bibliography style (PK/MW)
Package biblatex Info: Trying to load bibliography style 'standard'...
Package biblatex Info: ... file 'standard.bbx' found.

(C:\Users\zuela\scoop\apps\latex\current\texmfs\install\tex/latex/biblatex/bbx\
standard.bbx
File: standard.bbx 2023/03/05 v3.19 biblatex bibliography style (PK/MW)
\c@bbx:relatedcount=\count427
\c@bbx:relatedtotal=\count428
))
Package biblatex Info: Delimiter 'nametitledelim' in context 'bib' already defi
ned, overwriting.
)
Package biblatex Info: Trying to load citation style 'LNI'...
Package biblatex Info: ... file 'LNI.cbx' found.

(C:\Users\zuela\scoop\apps\latex\current\texmfs\install\tex/latex/biblatex-lni\
LNI.cbx
File: LNI.cbx 2025-01-27 v0.7 biblatex-LNI citation style (LCB/GD/OK)
Package biblatex Info: Trying to load citation style 'alphabetic'...
Package biblatex Info: ... file 'alphabetic.cbx' found.

(C:\Users\zuela\scoop\apps\latex\current\texmfs\install\tex/latex/biblatex/cbx\
alphabetic.cbx
File: alphabetic.cbx 2023/03/05 v3.19 biblatex citation style (PK/MW)
Package biblatex Info: Redefining '\cite'.
Package biblatex Info: Redefining '\parencite'.
Package biblatex Info: Redefining '\footcite'.
Package biblatex Info: Redefining '\footcitetext'.
Package biblatex Info: Redefining '\smartcite'.
Package biblatex Info: Redefining '\textcite'.
Package biblatex Info: Redefining '\textcites'.
Package biblatex Info: Redefining '\cites'.
Package biblatex Info: Redefining '\parencites'.
Package biblatex Info: Redefining '\smartcites'.
)
Package biblatex Info: Redefining '\citeauthor'.
)
Package biblatex Info: Trying to load configuration file...
Package biblatex Info: ... file 'biblatex.cfg' found.

(C:\Users\zuela\scoop\apps\latex\current\texmfs\install\tex/latex/biblatex\bibl
atex.cfg
File: biblatex.cfg 
)
Package biblatex Info: Input encoding 'utf8' detected.
Package biblatex Info: Document encoding is UTF8 ....
Package biblatex Info: ... and expl3
(biblatex)             2024-01-04 L3 programming layer (loader) 
(biblatex)             is new enough (at least 2020/04/06),
(biblatex)             setting 'casechanger=expl3'.

(C:\Users\zuela\scoop\apps\latex\current\texmfs\install\tex/latex/biblatex\blx-
case-expl3.sty
Package: blx-case-expl3 2023/03/05 v3.19 expl3 case changing code for biblatex
))
Package biblatex Info: Redefining '\citeauthor' on input line 205.

(C:\Users\zuela\scoop\apps\latex\current\texmfs\install\tex/latex/graphics\grap
hicx.sty
Package: graphicx 2021/09/16 v1.2d Enhanced LaTeX Graphics (DPC,SPQR)
\Gin@req@height=\dimen174
\Gin@req@width=\dimen175
)
(C:\Users\zuela\scoop\apps\latex\current\texmfs\install\tex/latex/eso-pic\eso-p
ic.sty
Package: eso-pic 2023/05/03 v3.0c eso-pic (RN)
\ESO@tempdima=\dimen176
\ESO@tempdimb=\dimen177
)
(C:\Users\zuela\scoop\apps\latex\current\texmfs\install\tex/latex/grffile\grffi
le.sty
Package: grffile 2019/11/11 v2.1 Extended file name support for graphics (legac
y)
Package grffile Info: This package is an empty stub for compatibility on input 
line 40.
)
(C:\Users\zuela\scoop\apps\latex\current\texmfs\install\tex/latex/fancyhdr\fanc
yhdr.sty
Package: fancyhdr 2025/02/07 v5.2 Extensive control of page headers and footers

\f@nch@headwidth=\skip79
\f@nch@offset@elh=\skip80
\f@nch@offset@erh=\skip81
\f@nch@offset@olh=\skip82
\f@nch@offset@orh=\skip83
\f@nch@offset@elf=\skip84
\f@nch@offset@erf=\skip85
\f@nch@offset@olf=\skip86
\f@nch@offset@orf=\skip87
\f@nch@height=\skip88
\f@nch@footalignment=\skip89
\f@nch@widthL=\skip90
\f@nch@widthC=\skip91
\f@nch@widthR=\skip92
\@temptokenb=\toks33
)
(C:\Users\zuela\scoop\apps\latex\current\texmfs\install\tex/latex/listings\list
ings.sty
\lst@mode=\count429
\lst@gtempboxa=\box57
\lst@token=\toks34
\lst@length=\count430
\lst@currlwidth=\dimen178
\lst@column=\count431
\lst@pos=\count432
\lst@lostspace=\dimen179
\lst@width=\dimen180
\lst@newlines=\count433
\lst@lineno=\count434
\lst@maxwidth=\dimen181

(C:\Users\zuela\scoop\apps\latex\current\texmfs\install\tex/latex/listings\lstm
isc.sty
File: lstmisc.sty 2023/02/27 1.9 (Carsten Heinz)
\c@lstnumber=\count435
\lst@skipnumbers=\count436
\lst@framebox=\box58
)
(C:\Users\zuela\scoop\apps\latex\current\texmfs\install\tex/latex/listings\list
ings.cfg
File: listings.cfg 2023/02/27 1.9 listings configuration
))
Package: listings 2023/02/27 1.9 (Carsten Heinz)

(C:\Users\zuela\scoop\apps\latex\current\texmfs\install\tex/latex/tools\verbati
m.sty
Package: verbatim 2023-11-06 v1.5v LaTeX2e package for verbatim enhancements
\every@verbatim=\toks35
\verbatim@line=\toks36
\verbatim@in@stream=\read5
)
\fnindent=\dimen182

(C:\Users\zuela\scoop\apps\latex\current\texmfs\install\tex/latex/hyperref\hype
rref.sty
Package: hyperref 2023-11-26 v7.01g Hypertext links for LaTeX

(C:\Users\zuela\scoop\apps\latex\current\texmfs\install\tex/generic/kvdefinekey
s\kvdefinekeys.sty
Package: kvdefinekeys 2019-12-19 v1.6 Define keys (HO)
)
(C:\Users\zuela\scoop\apps\latex\current\texmfs\install\tex/generic/pdfescape\p
dfescape.sty
Package: pdfescape 2019/12/09 v1.15 Implements pdfTeX's escape features (HO)
)
(C:\Users\zuela\scoop\apps\latex\current\texmfs\install\tex/latex/hycolor\hycol
or.sty
Package: hycolor 2020-01-27 v1.10 Color options for hyperref/bookmark (HO)
)
(C:\Users\zuela\scoop\apps\latex\current\texmfs\install\tex/latex/letltxmacro\l
etltxmacro.sty
Package: letltxmacro 2019/12/03 v1.6 Let assignment for LaTeX macros (HO)
)
(C:\Users\zuela\scoop\apps\latex\current\texmfs\install\tex/latex/auxhook\auxho
ok.sty
Package: auxhook 2019-12-17 v1.6 Hooks for auxiliary files (HO)
)
(C:\Users\zuela\scoop\apps\latex\current\texmfs\install\tex/latex/hyperref\name
ref.sty
Package: nameref 2023-11-26 v2.56 Cross-referencing by name of section

(C:\Users\zuela\scoop\apps\latex\current\texmfs\install\tex/latex/refcount\refc
ount.sty
Package: refcount 2019/12/15 v3.6 Data extraction from label references (HO)
)
(C:\Users\zuela\scoop\apps\latex\current\texmfs\install\tex/generic/gettitlestr
ing\gettitlestring.sty
Package: gettitlestring 2019/12/15 v1.6 Cleanup title references (HO)
)
\c@section@level=\count437
)
\@linkdim=\dimen183
\Hy@linkcounter=\count438
\Hy@pagecounter=\count439

(C:\Users\zuela\scoop\apps\latex\current\texmfs\install\tex/latex/hyperref\pd1e
nc.def
File: pd1enc.def 2023-11-26 v7.01g Hyperref: PDFDocEncoding definition (HO)
Now handling font encoding PD1 ...
... no UTF-8 mapping file for font encoding PD1
)
(C:\Users\zuela\scoop\apps\latex\current\texmfs\install\tex/generic/intcalc\int
calc.sty
Package: intcalc 2019/12/15 v1.3 Expandable calculations with integers (HO)
)
\Hy@SavedSpaceFactor=\count440

(C:\Users\zuela\scoop\apps\latex\current\texmfs\install\tex/latex/hyperref\puen
c.def
File: puenc.def 2023-11-26 v7.01g Hyperref: PDF Unicode definition (HO)
Now handling font encoding PU ...
... no UTF-8 mapping file for font encoding PU
)
Package hyperref Info: Option `pdfusetitle' set `true' on input line 4064.
Package hyperref Info: Hyper figures OFF on input line 4181.
Package hyperref Info: Link nesting OFF on input line 4186.
Package hyperref Info: Hyper index ON on input line 4189.
Package hyperref Info: Plain pages OFF on input line 4196.
Package hyperref Info: Backreferencing OFF on input line 4201.
Package hyperref Info: Implicit mode ON; LaTeX internals redefined.
Package hyperref Info: Bookmarks ON on input line 4448.
\c@Hy@tempcnt=\count441
LaTeX Info: Redefining \url on input line 4786.
\XeTeXLinkMargin=\dimen184

(C:\Users\zuela\scoop\apps\latex\current\texmfs\install\tex/generic/bitset\bits
et.sty
Package: bitset 2019/12/09 v1.3 Handle bit-vector datatype (HO)

(C:\Users\zuela\scoop\apps\latex\current\texmfs\install\tex/generic/bigintcalc\
bigintcalc.sty
Package: bigintcalc 2019/12/15 v1.5 Expandable calculations on big integers (HO
)
))
\Fld@menulength=\count442
\Field@Width=\dimen185
\Fld@charsize=\dimen186
Package hyperref Info: Hyper figures OFF on input line 6065.
Package hyperref Info: Link nesting OFF on input line 6070.
Package hyperref Info: Hyper index ON on input line 6073.
Package hyperref Info: backreferencing OFF on input line 6080.
Package hyperref Info: Link coloring OFF on input line 6085.
Package hyperref Info: Link coloring with OCG OFF on input line 6090.
Package hyperref Info: PDF/A mode OFF on input line 6095.

(C:\Users\zuela\scoop\apps\latex\current\texmfs\install\tex/latex/base\atbegshi
-ltx.sty
Package: atbegshi-ltx 2021/01/10 v1.0c Emulation of the original atbegshi
package with kernel methods
)
\Hy@abspage=\count443
\c@Item=\count444
\c@Hfootnote=\count445
)
Package hyperref Info: Driver (default): hdvips.

(C:\Users\zuela\scoop\apps\latex\current\texmfs\install\tex/latex/hyperref\hdvi
ps.def
File: hdvips.def 2023-11-26 v7.01g Hyperref driver for dvips

(C:\Users\zuela\scoop\apps\latex\current\texmfs\install\tex/latex/hyperref\pdfm
ark.def
File: pdfmark.def 2023-11-26 v7.01g Hyperref definitions for pdfmark specials
\pdf@docset=\toks37
\pdf@box=\box59
\pdf@toks=\toks38
\pdf@defaulttoks=\toks39
\HyField@AnnotCount=\count446
\Fld@listcount=\count447
\c@bookmark@seq@number=\count448

(C:\Users\zuela\scoop\apps\latex\current\texmfs\install\tex/latex/rerunfilechec
k\rerunfilecheck.sty
Package: rerunfilecheck 2025-06-21 v1.11 Rerun checks for auxiliary files (HO)

(C:\Users\zuela\scoop\apps\latex\current\texmfs\install\tex/generic/uniquecount
er\uniquecounter.sty
Package: uniquecounter 2019/12/15 v1.4 Provide unlimited unique counter (HO)
)
Package uniquecounter Info: New unique counter `rerunfilecheck' on input line 2
84.
)
\Hy@SectionHShift=\skip93
))
Package hyperref Info: Option `pdfdisplaydoctitle' set `true' on input line 487
.


Package hyperref Warning: Option `bookmarks' has already been used,
(hyperref)                setting the option has no effect on input line 487.

Package hyperref Info: Option `colorlinks' set `true' on input line 487.

(C:\Users\zuela\scoop\apps\latex\current\texmfs\install\tex/latex/cleveref\clev
eref.sty
Package: cleveref 2018/03/27 v0.21.4 Intelligent cross-referencing
Package cleveref Info: `hyperref' support loaded on input line 2370.
LaTeX Info: Redefining \cref on input line 2370.
LaTeX Info: Redefining \Cref on input line 2370.
LaTeX Info: Redefining \crefrange on input line 2370.
LaTeX Info: Redefining \Crefrange on input line 2370.
LaTeX Info: Redefining \cpageref on input line 2370.
LaTeX Info: Redefining \Cpageref on input line 2370.
LaTeX Info: Redefining \cpagerefrange on input line 2370.
LaTeX Info: Redefining \Cpagerefrange on input line 2370.
LaTeX Info: Redefining \labelcref on input line 2370.
LaTeX Info: Redefining \labelcpageref on input line 2370.
Package cleveref Info: `listings' support loaded on input line 3131.
Package cleveref Info: include cross-reference names in hyperlinks on input lin
e 7836.
Package cleveref Info: include cross-reference names in hyperlinks on input lin
e 7852.
)
(C:\Users\zuela\scoop\apps\latex\current\texmfs\install\tex/latex/oberdiek\hypc
ap.sty
Package: hypcap 2016/05/16 v1.12 Adjusting the anchors of captions (HO)
))
(C:\Users\zuela\scoop\apps\latex\current\texmfs\install\tex/latex/booktabs\book
tabs.sty
Package: booktabs 2020/01/12 v1.61803398 Publication quality tables
\heavyrulewidth=\dimen187
\lightrulewidth=\dimen188
\cmidrulewidth=\dimen189
\belowrulesep=\dimen190
\belowbottomsep=\dimen191
\aboverulesep=\dimen192
\abovetopsep=\dimen193
\cmidrulesep=\dimen194
\cmidrulekern=\dimen195
\defaultaddspace=\dimen196
\@cmidla=\count449
\@cmidlb=\count450
\@aboverulesep=\dimen197
\@belowrulesep=\dimen198
\@thisruleclass=\count451
\@lastruleclass=\count452
\@thisrulewidth=\dimen199
)
(C:\Users\zuela\scoop\apps\latex\current\texmfs\install\tex/latex/blindtext\bli
ndtext.sty
Package: blindtext 2012/01/06 V2.0 blindtext-Package

(C:\Users\zuela\scoop\apps\latex\current\texmfs\install\tex/latex/tools\xspace.
sty
Package: xspace 2014/10/28 v1.13 Space after command names (DPC,MH)
)
\c@blindtext=\count453
\c@Blindtext=\count454
\c@blind@countparstart=\count455
\blind@countxx=\count456
\blindtext@numBlindtext=\count457
\blind@countyy=\count458
\c@blindlist=\count459
\c@blindlistlevel=\count460
\c@blindlist@level=\count461
\blind@listitem=\count462
\c@blind@listcount=\count463
\c@blind@levelcount=\count464
\blind@mathformula=\count465
\blind@Mathformula=\count466
\c@blind@randomcount=\count467
\c@blind@randommax=\count468
\c@blind@pangramcount=\count469
\c@blind@pangrammax=\count470
)
(C:\Users\zuela\scoop\apps\latex\current\texmfs\install\tex/latex/mwe\mwe.sty
Package: mwe 2018/03/30 v0.5 Package to support minimal working examples (MWE)

(C:\Users\zuela\scoop\apps\latex\current\texmfs\install\tex/latex/lipsum\lipsum
.sty
(C:\Users\zuela\scoop\apps\latex\current\texmfs\install\tex/latex/l3packages/l3
keys2e\l3keys2e.sty
Package: l3keys2e 2023-10-10 LaTeX2e option processing using LaTeX3 keys
)
Package: lipsum 2021-09-20 v2.7 150 paragraphs of Lorem Ipsum dummy text
\g__lipsum_par_int=\count471
\l__lipsum_a_int=\count472
\l__lipsum_b_int=\count473

(C:\Users\zuela\scoop\apps\latex\current\texmfs\install\tex/latex/lipsum\lipsum
.ltd.tex)))
LaTeX Font Info:    Trying to load font information for T1+ntxtlf on input line
 43.

(C:\Users\zuela\scoop\apps\latex\current\texmfs\install\tex/latex/newtx\t1ntxtl
f.fd
File: t1ntxtlf.fd 2021/05/24 v1.1 font definition file for T1/ntx/tlf
)
LaTeX Font Info:    Font shape `T1/ntxtlf/m/n' will be
(Font)              scaled to size 10.0pt on input line 43.
Package csquotes Info: Checking for multilingual support...
Package csquotes Info: ... found 'babel' package.
 (lni-paper-example-de.aux)
\openout1 = `lni-paper-example-de.aux'.

LaTeX Font Info:    Checking defaults for OML/ntxmi/m/it on input line 43.
LaTeX Font Info:    Trying to load font information for OML+ntxmi on input line
 43.

(C:\Users\zuela\scoop\apps\latex\current\texmfs\install\tex/latex/newtx\omlntxm
i.fd
File: omlntxmi.fd 2015/08/25 Fontinst v1.933 font definitions for OML/ntxmi.
)
LaTeX Font Info:    ... okay on input line 43.
LaTeX Font Info:    Checking defaults for OMS/cmsy/m/n on input line 43.
LaTeX Font Info:    ... okay on input line 43.
LaTeX Font Info:    Checking defaults for OT1/cmr/m/n on input line 43.
LaTeX Font Info:    ... okay on input line 43.
LaTeX Font Info:    Checking defaults for T1/cmr/m/n on input line 43.
LaTeX Font Info:    ... okay on input line 43.
LaTeX Font Info:    Checking defaults for TS1/cmr/m/n on input line 43.
LaTeX Font Info:    ... okay on input line 43.
LaTeX Font Info:    Checking defaults for OMX/cmex/m/n on input line 43.
LaTeX Font Info:    ... okay on input line 43.
LaTeX Font Info:    Checking defaults for U/ntxexa/m/n on input line 43.
LaTeX Font Info:    Trying to load font information for U+ntxexa on input line 
43.

(C:\Users\zuela\scoop\apps\latex\current\texmfs\install\tex/latex/newtx\untxexa
.fd
File: untxexa.fd 2012/04/16 Fontinst v1.933 font definitions for U/ntxexa.
)
LaTeX Font Info:    ... okay on input line 43.
LaTeX Font Info:    Checking defaults for LMS/ntxsy/m/n on input line 43.
LaTeX Font Info:    Trying to load font information for LMS+ntxsy on input line
 43.

(C:\Users\zuela\scoop\apps\latex\current\texmfs\install\tex/latex/newtx\lmsntxs
y.fd
File: lmsntxsy.fd 2016/07/02 Fontinst v1.933 font definitions for LMS/ntxsy.
)
LaTeX Font Info:    ... okay on input line 43.
LaTeX Font Info:    Checking defaults for LMX/ntxexx/m/n on input line 43.
LaTeX Font Info:    Trying to load font information for LMX+ntxexx on input lin
e 43.

(C:\Users\zuela\scoop\apps\latex\current\texmfs\install\tex/latex/newtx\lmxntxe
xx.fd
File: lmxntxexx.fd 2016/07/03 Fontinst v1.933 font definitions for LMX/ntxexx.
)
LaTeX Font Info:    ... okay on input line 43.
LaTeX Font Info:    Checking defaults for PD1/pdf/m/n on input line 43.
LaTeX Font Info:    ... okay on input line 43.
LaTeX Font Info:    Checking defaults for PU/pdf/m/n on input line 43.
LaTeX Font Info:    ... okay on input line 43.
Package nag Info: Command \frontmatter not defined, skipping amendment on input
 line 43.
Package nag Info: Command \mainmatter not defined, skipping amendment on input 
line 43.
Package nag Info: Command \backmatter not defined, skipping amendment on input 
line 43.
Package nag Info: Command \RaggedLeft not defined, skipping amendment on input 
line 43.
Package nag Info: Command \RaggedRight not defined, skipping amendment on input
 line 43.
\c@mv@tabular=\count474
\c@mv@boldtabular=\count475
LaTeX Info: Command `\dddot' is already robust on input line 43.
LaTeX Info: Command `\ddddot' is already robust on input line 43.
LaTeX Info: Redefining \microtypecontext on input line 43.
Package microtype Info: Applying patch `item' on input line 43.
Package microtype Info: Applying patch `toc' on input line 43.
Package microtype Info: Applying patch `eqnum' on input line 43.
Package microtype Info: Applying patch `footnote' on input line 43.
Package microtype Info: Applying patch `verbatim' on input line 43.
LaTeX Info: Redefining \microtypesetup on input line 43.
Package microtype Info: Generating DVI output.
Package microtype Info: Character protrusion enabled (level 2).
Package microtype Info: Using protrusion set `alltext-nott'.
Package microtype Info: Non-automatic font expansion enabled (level 2),
(microtype)             stretch: 20, shrink: 20, step: 1, non-selected.
Package microtype Info: Using expansion set `alltext'.
Package microtype Info: Patching command `\showhyphens'.
Package microtype Info: Tracking enabled.
Package microtype Info: Using tracking set `smallcaps'.
Package microtype Info: No adjustment of interword spacing.
Package microtype Info: No adjustment of character kerning.

(C:\Users\zuela\scoop\apps\latex\current\texmfs\install\tex/latex/microtype\mt-
ptm.cfg
File: mt-ptm.cfg 2006/04/20 v1.7 microtype config. file: Times (RS)
)
! Font csnameendcsname=ntx-Regular-tlf-t1+20 at 10.0pt not loadable: Metric (TF
M) file not found.
<to be read again> 
                   relax 
l.43 \begin{document}
                     
? 
! Font csnameendcsname=ntx-Regular-tlf-t1-20 at 10.0pt not loadable: Metric (TF
M) file not found.
<to be read again> 
                   relax 
l.43 \begin{document}
                     
? 
*geometry* driver: auto-detecting
*geometry* detected driver: dvips
*geometry* verbose mode - [ preamble ] result:
* driver: dvips
* paper: custom
* layout: <same size as paper>
* layoutoffset:(h,v)=(0.0pt,0.0pt)
* hratio: 1:1
* vratio: 1:1
* modes: includehead twoside 
* h-part:(L,W,R)=(55.48279pt, 486.5423pt, 55.48279pt)
* v-part:(T,H,B)=(64.01869pt, 717.00935pt, 64.0187pt)
* \paperwidth=597.50787pt
* \paperheight=845.04675pt
* \textwidth=486.5423pt
* \textheight=687.79907pt
* \oddsidemargin=-16.7872pt
* \evensidemargin=-16.7872pt
* \topmargin=-8.2513pt
* \headheight=20.39pt
* \headsep=8.82028pt
* \topskip=10.0pt
* \footskip=30.0pt
* \marginparwidth=111.0pt
* \marginparsep=11.0pt
* \columnsep=10.0pt
* \skip\footins=9.0pt plus 4.0pt minus 2.0pt
* \hoffset=0.0pt
* \voffset=0.0pt
* \mag=1000
* \@twocolumnfalse
* \@twosidetrue
* \@mparswitchtrue
* \@reversemarginfalse
* (1in=72.27pt=25.4mm, 1cm=28.453pt)

Package crop Info: requested driver: `' on input line 43.
Package crop Info: detected driver: `dvips' on input line 43.
Package crop Info: using `dvips' graphics driver on input line 43.
Package biblatex Info: Trying to load language 'ngerman' -> 'LNI-ngerman'...
Package biblatex Info: ... file 'LNI-ngerman.lbx' found.

(C:\Users\zuela\scoop\apps\latex\current\texmfs\install\tex/latex/biblatex-lni\
LNI-ngerman.lbx
File: LNI-ngerman.lbx 2025-01-27 v0.7 biblatex-LNI localization (LCB/GD/OK)
Package biblatex Info: Trying to load language 'ngerman'...
Package biblatex Info: ... file 'ngerman.lbx' found.

(C:\Users\zuela\scoop\apps\latex\current\texmfs\install\tex/latex/biblatex/lbx\
ngerman.lbx
File: ngerman.lbx 2023/03/05 v3.19 biblatex localization (PK/MW)
Package biblatex Info: Trying to load language 'german'...
Package biblatex Info: ... file 'german.lbx' found.

(C:\Users\zuela\scoop\apps\latex\current\texmfs\install\tex/latex/biblatex/lbx\
german.lbx
File: german.lbx 2023/03/05 v3.19 biblatex localization (PK/MW)
))
Package biblatex Info: Trying to load language 'ngerman'...
Package biblatex Info: ... file 'ngerman.lbx' found.

(C:\Users\zuela\scoop\apps\latex\current\texmfs\install\tex/latex/biblatex/lbx\
ngerman.lbx
File: ngerman.lbx 2023/03/05 v3.19 biblatex localization (PK/MW)
Package biblatex Info: Trying to load language 'german'...
Package biblatex Info: ... file 'german.lbx' found.

(C:\Users\zuela\scoop\apps\latex\current\texmfs\install\tex/latex/biblatex/lbx\
german.lbx
File: german.lbx 2023/03/05 v3.19 biblatex localization (PK/MW)
)))
Package biblatex Info: Trying to load language 'english' -> 'LNI-english'...
Package biblatex Info: ... file 'LNI-english.lbx' found.

(C:\Users\zuela\scoop\apps\latex\current\texmfs\install\tex/latex/biblatex-lni\
LNI-english.lbx
File: LNI-english.lbx 2025-01-27 v0.7 biblatex-LNI localization (LCB/GD/OK)
Package biblatex Info: Trying to load language 'english'...
Package biblatex Info: ... file 'english.lbx' found.

(C:\Users\zuela\scoop\apps\latex\current\texmfs\install\tex/latex/biblatex/lbx\
english.lbx
File: english.lbx 2023/03/05 v3.19 biblatex localization (PK/MW)
)
Package biblatex Info: Trying to load language 'english'...
Package biblatex Info: ... file 'english.lbx' found.

(C:\Users\zuela\scoop\apps\latex\current\texmfs\install\tex/latex/biblatex/lbx\
english.lbx
File: english.lbx 2023/03/05 v3.19 biblatex localization (PK/MW)
))
* * * LNI * * *
Package biblatex Info: Input encoding 'utf8' detected.
Package biblatex Info: Data encoding 'utf8' specified.
(biblatex)             No need to reencode data.
\openout3 = `lni-paper-example-de.bcf'.

Package biblatex Info: Trying to load bibliographic data...
Package biblatex Info: ... file 'lni-paper-example-de.bbl' not found.
No file lni-paper-example-de.bbl.
Package biblatex Info: Reference section=0 on input line 43.
Package biblatex Info: Reference segment=0 on input line 43.
\c@lstlisting=\count476
Package hyperref Info: Link coloring ON on input line 43.
\@outlinefile=\write4
\openout4 = `lni-paper-example-de.out'.


Package hyperref Warning: Rerun to get /PageLabels entry.

Package nag Info: Command \caption@xlabel not defined, skipping amendment on in
put line 43.
Package nag Info: Command \captionabove not defined, skipping amendment on inpu
t line 43.
Package nag Info: Command \captionbelow not defined, skipping amendment on inpu
t line 43.
Package nag Info: Command \topcaption not defined, skipping amendment on input 
line 43.
LaTeX Font Info:    Font shape `T1/ntxtlf/m/n' will be
(Font)              scaled to size 14.0pt on input line 64.
! Font csnameendcsname=ntx-Regular-tlf-t1+20 at 14.0pt not loadable: Metric (TF
M) file not found.
<to be read again> 
                   relax 
l.64 
     
? 
! Font csnameendcsname=ntx-Regular-tlf-t1-20 at 14.0pt not loadable: Metric (TF
M) file not found.
<to be read again> 
                   relax 
l.64 
     
? 
LaTeX Font Info:    Font shape `T1/ntxtlf/b/n' will be
(Font)              scaled to size 14.0pt on input line 64.
! Font csnameendcsname=ntx-Bold-tlf-t1+20 at 14.0pt not loadable: Metric (TFM) 
file not found.
<to be read again> 
                   relax 
l.64 
     
? 
! Font csnameendcsname=ntx-Bold-tlf-t1-20 at 14.0pt not loadable: Metric (TFM) 
file not found.
<to be read again> 
                   relax 
l.64 
     
? 
LaTeX Font Info:    Font shape `T1/ntxtlf/b/n' will be
(Font)              scaled to size 10.0pt on input line 64.
! Font csnameendcsname=ntx-Bold-tlf-t1+20 at 10.0pt not loadable: Metric (TFM) 
file not found.
<to be read again> 
                   relax 
l.64 
     
? 
! Font csnameendcsname=ntx-Bold-tlf-t1-20 at 10.0pt not loadable: Metric (TFM) 
file not found.
<to be read again> 
                   relax 
l.64 
     
? 
LaTeX Font Info:    Font shape `T1/ntxtlf/m/n' will be
(Font)              scaled to size 9.0pt on input line 65.
! Font csnameendcsname=ntx-Regular-tlf-t1+20 at 9.0pt not loadable: Metric (TFM
) file not found.
<to be read again> 
                   relax 
l.65 \begin{abstract}
                     
? 
! Font csnameendcsname=ntx-Regular-tlf-t1-20 at 9.0pt not loadable: Metric (TFM
) file not found.
<to be read again> 
                   relax 
l.65 \begin{abstract}
                     
? 
LaTeX Font Info:    Font shape `T1/ntxtlf/b/n' will be
(Font)              scaled to size 9.0pt on input line 65.
! Font csnameendcsname=ntx-Bold-tlf-t1+20 at 9.0pt not loadable: Metric (TFM) f
ile not found.
<to be read again> 
                   relax 
l.65 \begin{abstract}
                     
? 
! Font csnameendcsname=ntx-Bold-tlf-t1-20 at 9.0pt not loadable: Metric (TFM) f
ile not found.
<to be read again> 
                   relax 
l.65 \begin{abstract}
                     
? 
LaTeX Font Info:    Font shape `T1/ntxtlf/m/n' will be
(Font)              scaled to size 12.0pt on input line 80.
! Font csnameendcsname=ntx-Regular-tlf-t1+20 at 12.0pt not loadable: Metric (TF
M) file not found.
<to be read again> 
                   relax 
l.80 \section{Einleitung}
                         
? 
! Font csnameendcsname=ntx-Regular-tlf-t1-20 at 12.0pt not loadable: Metric (TF
M) file not found.
<to be read again> 
                   relax 
l.80 \section{Einleitung}
                         
? 
LaTeX Font Info:    Font shape `T1/ntxtlf/b/n' will be
(Font)              scaled to size 12.0pt on input line 80.
! Font csnameendcsname=ntx-Bold-tlf-t1+20 at 12.0pt not loadable: Metric (TFM) 
file not found.
<to be read again> 
                   relax 
l.80 \section{Einleitung}
                         
? 
! Font csnameendcsname=ntx-Bold-tlf-t1-20 at 12.0pt not loadable: Metric (TFM) 
file not found.
<to be read again> 
                   relax 
l.80 \section{Einleitung}
                         
? 
! Interruption.
MT@set@ex@codes ...T@reset@ef@codes MT@expandfont 
                                                  MT@nonselectedfalse 
l.80 \section{Einleitung}
                         
? 
LaTeX Font Info:    Font shape `U/ccicons/m/n' will be
(Font)              scaled to size 10.0pt on input line 98.
[1

]
LaTeX Font Info:    Trying to load font information for OT1+minntx on input lin
e 107.

(C:\Users\zuela\scoop\apps\latex\current\texmfs\install\tex/latex/newtx\ot1minn
tx.fd
File: ot1minntx.fd 2023/09/09 v1.1 font definition file for OT1/minntx
)
LaTeX Font Info:    Font shape `OT1/minntx/m/n' will be
(Font)              scaled to size 10.0pt on input line 107.

! Font csnameendcsname=ntx-Regular-tlf-ot1+20 at 10.0pt not loadable: Metric (T
FM) file not found.
<to be read again> 
                   relax 
l.107 
      
? 
! Font csnameendcsname=ntx-Regular-tlf-ot1-20 at 10.0pt not loadable: Metric (T
FM) file not found.
<to be read again> 
                   relax 
l.107 
      
? 
LaTeX Font Info:    Font shape `OT1/minntx/m/n' will be
(Font)              scaled to size 7.3pt on input line 107.
! Font csnameendcsname=ntx-Regular-tlf-ot1+20 at 7.3pt not loadable: Metric (TF
M) file not found.
<to be read again> 
                   relax 
l.107 
      
? 
! Font csnameendcsname=ntx-Regular-tlf-ot1-20 at 7.3pt not loadable: Metric (TF
M) file not found.
<to be read again> 
                   relax 
l.107 
      
? 
LaTeX Font Info:    Font shape `OT1/minntx/m/n' will be
(Font)              scaled to size 5.5pt on input line 107.
! Font csnameendcsname=ntx-Regular-tlf-ot1+20 at 5.5pt not loadable: Metric (TF
M) file not found.
<to be read again> 
                   relax 
l.107 
      
? 
! Font csnameendcsname=ntx-Regular-tlf-ot1-20 at 5.5pt not loadable: Metric (TF
M) file not found.
<to be read again> 
                   relax 
l.107 
      
? 
LaTeX Font Info:    Font shape `OML/ntxmi/m/it' will be
(Font)              scaled to size 10.0pt on input line 107.
LaTeX Font Info:    Font shape `OML/ntxmi/m/it' will be
(Font)              scaled to size 7.3pt on input line 107.
LaTeX Font Info:    Font shape `OML/ntxmi/m/it' will be
(Font)              scaled to size 5.5pt on input line 107.
LaTeX Font Info:    Font shape `LMS/ntxsy/m/n' will be
(Font)              scaled to size 10.0pt on input line 107.
LaTeX Font Info:    Font shape `LMS/ntxsy/m/n' will be
(Font)              scaled to size 7.3pt on input line 107.
LaTeX Font Info:    Font shape `LMS/ntxsy/m/n' will be
(Font)              scaled to size 5.5pt on input line 107.
LaTeX Font Info:    Font shape `LMX/ntxexx/m/n' will be
(Font)              scaled to size 10.0pt on input line 107.
LaTeX Font Info:    Font shape `LMX/ntxexx/m/n' will be
(Font)              scaled to size 7.3pt on input line 107.
LaTeX Font Info:    Font shape `LMX/ntxexx/m/n' will be
(Font)              scaled to size 5.5pt on input line 107.
LaTeX Font Info:    Trying to load font information for U+ntxmia on input line 
107.

(C:\Users\zuela\scoop\apps\latex\current\texmfs\install\tex/latex/newtx\untxmia
.fd
File: untxmia.fd 2024/04/09 Fontinst v1.933 font definitions for U/ntxmia.
)
LaTeX Font Info:    Font shape `U/ntxmia/m/it' will be
(Font)              scaled to size 10.0pt on input line 107.
LaTeX Font Info:    Font shape `U/ntxmia/m/it' will be
(Font)              scaled to size 7.3pt on input line 107.
LaTeX Font Info:    Font shape `U/ntxmia/m/it' will be
(Font)              scaled to size 5.5pt on input line 107.
LaTeX Font Info:    Trying to load font information for U+ntxsym on input line 
107.

(C:\Users\zuela\scoop\apps\latex\current\texmfs\install\tex/latex/newtx\untxsym
.fd
File: untxsym.fd 2023/08/16 Fontinst v1.933 font definitions for U/ntxsym.
)
LaTeX Font Info:    Font shape `U/ntxsym/m/n' will be
(Font)              scaled to size 10.0pt on input line 107.
LaTeX Font Info:    Font shape `U/ntxsym/m/n' will be
(Font)              scaled to size 7.3pt on input line 107.
LaTeX Font Info:    Font shape `U/ntxsym/m/n' will be
(Font)              scaled to size 5.5pt on input line 107.
LaTeX Font Info:    Trying to load font information for U+ntxsyc on input line 
107.

(C:\Users\zuela\scoop\apps\latex\current\texmfs\install\tex/latex/newtx\untxsyc
.fd
File: untxsyc.fd 2012/04/12 Fontinst v1.933 font definitions for U/ntxsyc.
)
LaTeX Font Info:    Font shape `U/ntxsyc/m/n' will be
(Font)              scaled to size 10.0pt on input line 107.
LaTeX Font Info:    Font shape `U/ntxsyc/m/n' will be
(Font)              scaled to size 7.3pt on input line 107.
LaTeX Font Info:    Font shape `U/ntxsyc/m/n' will be
(Font)              scaled to size 5.5pt on input line 107.
LaTeX Font Info:    Font shape `U/ntxexa/m/n' will be
(Font)              scaled to size 10.0pt on input line 107.
LaTeX Font Info:    Font shape `U/ntxexa/m/n' will be
(Font)              scaled to size 7.3pt on input line 107.
LaTeX Font Info:    Font shape `U/ntxexa/m/n' will be
(Font)              scaled to size 5.5pt on input line 107.
Package microtype Info: Fixing zero \fontdimen 6 for font `U/MnSymbolC/m/n/10'
(microtype)             (new value: 10.0pt) on input line 107.
Package microtype Info: Fixing zero \fontdimen 6 for font `U/MnSymbolC/m/n/7.3'

(microtype)             (new value: 7.3pt) on input line 107.
Package microtype Info: Fixing zero \fontdimen 6 for font `U/MnSymbolC/m/n/5.5'

(microtype)             (new value: 5.5pt) on input line 107.
 [2]

LaTeX Warning: Citation 'Ez10' on page 3 undefined on input line 122.


LaTeX Warning: Citation 'AB00' on page 3 undefined on input line 122.


LaTeX Warning: Citation 'ABC01' on page 3 undefined on input line 122.


LaTeX Warning: Citation 'Az09' on page 3 undefined on input line 122.


LaTeX Warning: Citation 'Wa14' on page 3 undefined on input line 122.


LaTeX Warning: Citation 'Wa14b' on page 3 undefined on input line 122.


LaTeX Warning: Citation 'Gl06' on page 3 undefined on input line 122.


LaTeX Warning: Citation 'GI19' on page 3 undefined on input line 122.


LaTeX Warning: Citation 'XX14' on page 3 undefined on input line 122.

LaTeX Font Info:    Trying to load font information for T1+newtxtt on input lin
e 125.

(C:\Users\zuela\scoop\apps\latex\current\texmfs\install\tex/fonts/newtxtt\t1new
txtt.fd
File: t1newtxtt.fd 2020/02/15 Font definitions for T1/newtxtt.
)
LaTeX Font Info:    Font shape `T1/newtxtt/m/n' will be
(Font)              scaled to size 8.99994pt on input line 125.

! Font csnameendcsname=newtxttbq+20 at 8.99994pt not loadable: Metric (TFM) fil
e not found.
<to be read again> 
                   relax 
l.125 ... werden fr die Referenzen \texttt{book}
                                                  , \texttt{inbook}, \texttt...

? 
! Font csnameendcsname=newtxttbq-20 at 8.99994pt not loadable: Metric (TFM) fil
e not found.
<to be read again> 
                   relax 
l.125 ... werden fr die Referenzen \texttt{book}
                                                  , \texttt{inbook}, \texttt...

? 
LaTeX Font Info:    Trying to load font information for TS1+ntxtlf on input lin
e 142.

(C:\Users\zuela\scoop\apps\latex\current\texmfs\install\tex/latex/newtx\ts1ntxt
lf.fd
File: ts1ntxtlf.fd 2015/01/18 v1.0 fd file for TS1/ntxtlf
)
LaTeX Font Info:    Font shape `TS1/ntxtlf/m/n' will be
(Font)              scaled to size 10.0pt on input line 142.

! Font csnameendcsname=ts1-qtmr+20 at 10.0pt not loadable: Metric (TFM) file no
t found.
<to be read again> 
                   relax 
l.142 Peter Buxmann 
                       Adrian Glauben  Patrick Hendriks
? 
! Font csnameendcsname=ts1-qtmr-20 at 10.0pt not loadable: Metric (TFM) file no
t found.
<to be read again> 
                   relax 
l.142 Peter Buxmann 
                       Adrian Glauben  Patrick Hendriks
? 
! Misplaced alignment tab character &.
l.147 1. Buxmann, P., Glauben, A., &
                                     Hendriks, P. (2024). Die Nutzung von Ch...

? 
! Emergency stop.
l.147 
      
End of file on the terminal!

 
Here is how much of TeX's memory you used:
 29432 strings out of 474487
 516276 string characters out of 5739043
 1951539 words of memory out of 5000000
 51276 multiletter control sequences out of 15000+600000
 595208 words of font info for 75 fonts, out of 8000000 for 9000
 1143 hyphenation exceptions out of 8191
 95i,13n,107p,1019b,4046s stack positions out of 10000i,1000n,20000p,200000b,200000s
Output written on lni-paper-example-de.dvi (2 pages, 20908 bytes).
